# JRE version: OpenJDK Runtime Environment Temurin-21.0.3+9 (21.0.3+9) (build 21.0.3+9-LTS)
# Java VM: OpenJDK 64-Bit Server VM Temurin-21.0.3+9 (21.0.3+9-LTS, mixed mode, emulated-client, tiered, compressed oops, compressed class ptrs, g1 gc, windows-amd64)
GC Precious Log:
 CardTable entry size: 512
 Card Set container configuration: InlinePtr #cards 5 size 8 Array Of Cards #cards 12 size 40 Howl #buckets 4 coarsen threshold 1843 Howl Bitmap #cards 512 size 80 coarsen threshold 460 Card regions per heap region 1 cards per card region 2048
 CPUs: 4 total, 4 available
 Memory: 8111M
 Large Page Support: Disabled
 NUMA Support: Disabled
 Compressed Oops: Enabled (32-bit)
 Heap Region Size: 1M
 Heap Min Capacity: 8M
 Heap Initial Capacity: 128M
 Heap Max Capacity: 1G
 Pre-touch: Disabled
 Parallel Workers: 4
 Concurrent Workers: 1
 Concurrent Refinement Workers: 4
 Periodic GC: Disabled
Heap:
 garbage-first heap   total 80896K, used 41216K [0x00000000c0000000, 0x0000000100000000)
  region size 1024K, 1 young (1024K), 0 survivors (0K)
 Metaspace       used 64818K, committed 65536K, reserved 1114112K
  class space    used 7668K, committed 8000K, reserved 1048576K
GC Heap History (20 events):
Event: 1358.625 GC heap after
{Heap after GC invocations=128 (full 111):
 garbage-first heap   total 80896K, used 41216K [0x00000000c0000000, 0x0000000100000000)
  region size 1024K, 0 young (0K), 0 survivors (0K)
 Metaspace       used 64818K, committed 65536K, reserved 1114112K
  class space    used 7668K, committed 8000K, reserved 1048576K
}
Event: 1368.977 GC heap before
{Heap before GC invocations=128 (full 111):
 garbage-first heap   total 80896K, used 41216K [0x00000000c0000000, 0x0000000100000000)
  region size 1024K, 1 young (1024K), 0 survivors (0K)
 Metaspace       used 64818K, committed 65536K, reserved 1114112K
  class space    used 7668K, committed 8000K, reserved 1048576K
}
Event: 1369.061 GC heap after
{Heap after GC invocations=129 (full 112):
 garbage-first heap   total 80896K, used 41216K [0x00000000c0000000, 0x0000000100000000)
  region size 1024K, 0 young (0K), 0 survivors (0K)
 Metaspace       used 64818K, committed 65536K, reserved 1114112K
  class space    used 7668K, committed 8000K, reserved 1048576K
}
Event: 1380.124 GC heap before
{Heap before GC invocations=129 (full 112):
 garbage-first heap   total 80896K, used 41216K [0x00000000c0000000, 0x0000000100000000)
  region size 1024K, 1 young (1024K), 0 survivors (0K)
 Metaspace       used 64818K, committed 65536K, reserved 1114112K
  class space    used 7668K, committed 8000K, reserved 1048576K
}
Event: 1380.209 GC heap after
{Heap after GC invocations=130 (full 113):
 garbage-first heap   total 80896K, used 41216K [0x00000000c0000000, 0x0000000100000000)
  region size 1024K, 0 young (0K), 0 survivors (0K)
 Metaspace       used 64818K, committed 65536K, reserved 1114112K
  class space    used 7668K, committed 8000K, reserved 1048576K
}
Event: 1390.540 GC heap before
{Heap before GC invocations=130 (full 113):
 garbage-first heap   total 80896K, used 41216K [0x00000000c0000000, 0x0000000100000000)
  region size 1024K, 1 young (1024K), 0 survivors (0K)
 Metaspace       used 64818K, committed 65536K, reserved 1114112K
  class space    used 7668K, committed 8000K, reserved 1048576K
}
Event: 1390.626 GC heap after
{Heap after GC invocations=131 (full 114):
 garbage-first heap   total 80896K, used 41216K [0x00000000c0000000, 0x0000000100000000)
  region size 1024K, 0 young (0K), 0 survivors (0K)
 Metaspace       used 64818K, committed 65536K, reserved 1114112K
  class space    used 7668K, committed 8000K, reserved 1048576K
}
Event: 1400.963 GC heap before
{Heap before GC invocations=131 (full 114):
 garbage-first heap   total 80896K, used 41216K [0x00000000c0000000, 0x0000000100000000)
  region size 1024K, 1 young (1024K), 0 survivors (0K)
 Metaspace       used 64818K, committed 65536K, reserved 1114112K
  class space    used 7668K, committed 8000K, reserved 1048576K
}
Event: 1401.048 GC heap after
{Heap after GC invocations=132 (full 115):
 garbage-first heap   total 80896K, used 41216K [0x00000000c0000000, 0x0000000100000000)
  region size 1024K, 0 young (0K), 0 survivors (0K)
 Metaspace       used 64818K, committed 65536K, reserved 1114112K
  class space    used 7668K, committed 8000K, reserved 1048576K
}
Event: 1411.393 GC heap before
{Heap before GC invocations=132 (full 115):
 garbage-first heap   total 80896K, used 41216K [0x00000000c0000000, 0x0000000100000000)
  region size 1024K, 1 young (1024K), 0 survivors (0K)
 Metaspace       used 64818K, committed 65536K, reserved 1114112K
  class space    used 7668K, committed 8000K, reserved 1048576K
}
Event: 1411.473 GC heap after
{Heap after GC invocations=133 (full 116):
 garbage-first heap   total 80896K, used 41216K [0x00000000c0000000, 0x0000000100000000)
  region size 1024K, 0 young (0K), 0 survivors (0K)
 Metaspace       used 64818K, committed 65536K, reserved 1114112K
  class space    used 7668K, committed 8000K, reserved 1048576K
}
Event: 1421.826 GC heap before
{Heap before GC invocations=133 (full 116):
 garbage-first heap   total 80896K, used 41216K [0x00000000c0000000, 0x0000000100000000)
  region size 1024K, 1 young (1024K), 0 survivors (0K)
 Metaspace       used 64818K, committed 65536K, reserved 1114112K
  class space    used 7668K, committed 8000K, reserved 1048576K
}
Event: 1421.912 GC heap after
{Heap after GC invocations=134 (full 117):
 garbage-first heap   total 80896K, used 41216K [0x00000000c0000000, 0x0000000100000000)
  region size 1024K, 0 young (0K), 0 survivors (0K)
 Metaspace       used 64818K, committed 65536K, reserved 1114112K
  class space    used 7668K, committed 8000K, reserved 1048576K
}
Event: 1432.252 GC heap before
{Heap before GC invocations=134 (full 117):
 garbage-first heap   total 80896K, used 41216K [0x00000000c0000000, 0x0000000100000000)
  region size 1024K, 1 young (1024K), 0 survivors (0K)
 Metaspace       used 64818K, committed 65536K, reserved 1114112K
  class space    used 7668K, committed 8000K, reserved 1048576K
}
Event: 1432.336 GC heap after
{Heap after GC invocations=135 (full 118):
 garbage-first heap   total 80896K, used 41216K [0x00000000c0000000, 0x0000000100000000)
  region size 1024K, 0 young (0K), 0 survivors (0K)
 Metaspace       used 64818K, committed 65536K, reserved 1114112K
  class space    used 7668K, committed 8000K, reserved 1048576K
}
Event: 1442.666 GC heap before
{Heap before GC invocations=135 (full 118):
 garbage-first heap   total 80896K, used 41216K [0x00000000c0000000, 0x0000000100000000)
  region size 1024K, 1 young (1024K), 0 survivors (0K)
 Metaspace       used 64818K, committed 65536K, reserved 1114112K
  class space    used 7668K, committed 8000K, reserved 1048576K
}
Event: 1442.748 GC heap after
{Heap after GC invocations=136 (full 119):
 garbage-first heap   total 80896K, used 41216K [0x00000000c0000000, 0x0000000100000000)
  region size 1024K, 0 young (0K), 0 survivors (0K)
 Metaspace       used 64818K, committed 65536K, reserved 1114112K
  class space    used 7668K, committed 8000K, reserved 1048576K
}
Event: 1454.343 GC heap before
{Heap before GC invocations=136 (full 119):
 garbage-first heap   total 80896K, used 41216K [0x00000000c0000000, 0x0000000100000000)
  region size 1024K, 1 young (1024K), 0 survivors (0K)
 Metaspace       used 64818K, committed 65536K, reserved 1114112K
  class space    used 7668K, committed 8000K, reserved 1048576K
}
Event: 1454.444 GC heap after
{Heap after GC invocations=137 (full 120):
 garbage-first heap   total 80896K, used 41216K [0x00000000c0000000, 0x0000000100000000)
  region size 1024K, 0 young (0K), 0 survivors (0K)
 Metaspace       used 64818K, committed 65536K, reserved 1114112K
  class space    used 7668K, committed 8000K, reserved 1048576K
}
Event: 1464.753 GC heap before
{Heap before GC invocations=137 (full 120):
 garbage-first heap   total 80896K, used 41216K [0x00000000c0000000, 0x0000000100000000)
  region size 1024K, 1 young (1024K), 0 survivors (0K)
 Metaspace       used 64818K, committed 65536K, reserved 1114112K
  class space    used 7668K, committed 8000K, reserved 1048576K
}

